Arguments: 
  /Users/Garrett/.nvm/versions/node/v6.4.0/bin/node /usr/local/Cellar/yarn/0.27.5_1/libexec/bin/yarn.js add file:../show_password

PATH: 
  /Users/Garrett/.nvm/versions/node/v6.4.0/bin:/Users/Garrett/Library/Python/3.6/bin:/Users/Garrett/usr/local/heroku/bin/heroku:/Users/Garrett/.rbenv/shims:/Users/Garrett/.rbenv/bin/rbenv:/usr/local/bin:/Applications/Postgres.app/Contents/Versions/9.3/bin:/usr/local/bin:/usr/bin:/bin:/usr/sbin:/sbin:/opt/X11/bin:/opt/local/bin:/usr/local/m-cli

Yarn version: 
  0.27.5

Node version: 
  6.4.0

Platform: 
  darwin x64

npm manifest: 
  {
    "dependencies": {}
  }

yarn manifest: 
  No manifest

Lockfile: 
  # THIS IS AN AUTOGENERATED FILE. DO NOT EDIT THIS FILE DIRECTLY.
  # yarn lockfile v1

Trace: 
  SyntaxError: /Users/Garrett/Desktop/Projects/show_password/package.json: Unexpected token ] in JSON at position 385
      at Object.parse (native)
      at /usr/local/Cellar/yarn/0.27.5_1/libexec/lib/yarn-cli.js:747:57
      at next (native)
      at step (/usr/local/Cellar/yarn/0.27.5_1/libexec/lib/yarn-cli.js:91:30)
      at /usr/local/Cellar/yarn/0.27.5_1/libexec/lib/yarn-cli.js:102:13
      at run (/usr/local/Cellar/yarn/0.27.5_1/libexec/lib/yarn-cli.js:87239:22)
      at /usr/local/Cellar/yarn/0.27.5_1/libexec/lib/yarn-cli.js:87252:28
      at flush (/usr/local/Cellar/yarn/0.27.5_1/libexec/lib/yarn-cli.js:86710:9)
      at _combinedTickCallback (internal/process/next_tick.js:67:7)
      at process._tickCallback (internal/process/next_tick.js:98:9)
